app/build/intermediates/manifest_merge_blame_file/debug/manifest-merger-blame-debug-report.txt
1<?xml version="1.0" encoding="utf-8"?>
2<manifest xmlns:android="http://schemas.android.com/apk/res/android"
3    package="com.google.mlkit.vision.demo"
4    android:installLocation="auto"
5    android:versionCode="11"
6    android:versionName="1.11" >
7    <!--
8 CameraX libraries require minSdkVersion 21, while this quickstart app
9    supports low to 16. Needs to use overrideLibrary to make the merger tool
10    ignore this conflict and import the libraries while keeping the app's lower
11    minSdkVersion value. In code, will check SDK version, before calling CameraX
12    APIs.
13    -->
14    <uses-sdk
14-->src\main\AndroidManifest.xml:13:5-16:63
15        android:minSdkVersion="16"
15-->src\main\AndroidManifest.xml:13:5-16:63
16        android:targetSdkVersion="29" />
16-->src\main\AndroidManifest.xml:13:5-16:63
17
18    <uses-feature android:name="android.hardware.camera" />
18-->src\main\AndroidManifest.xml:18:5-59
18-->src\main\AndroidManifest.xml:18:19-57
19
20    <uses-permission android:name="android.permission.INTERNET" />
20-->src\main\AndroidManifest.xml:20:5-66
20-->src\main\AndroidManifest.xml:20:22-64
21    <uses-permission android:name="android.permission.WRITE_EXTERNAL_STORAGE" />
21-->src\main\AndroidManifest.xml:21:5-80
21-->src\main\AndroidManifest.xml:21:22-78
22    <uses-permission android:name="android.permission.READ_EXTERNAL_STORAGE" />
22-->src\main\AndroidManifest.xml:22:5-79
22-->src\main\AndroidManifest.xml:22:22-77
23    <uses-permission android:name="android.permission.CAMERA" />
23-->src\main\AndroidManifest.xml:23:5-64
23-->src\main\AndroidManifest.xml:23:22-62
24
25    <!-- Although the *SdkVersion is captured in gradle build files, this is required for non gradle builds -->
26    <!-- <uses-sdk android:minSdkVersion="14"/> -->
27    <uses-permission android:name="android.permission.ACCESS_NETWORK_STATE" />
27-->[com.google.android.datatransport:transport-backend-cct:2.3.2] AndroidManifest.xml:25:5-79
27-->[com.google.android.datatransport:transport-backend-cct:2.3.2] AndroidManifest.xml:25:22-76
28
29    <application
29-->src\main\AndroidManifest.xml:25:5-55:19
30        android:name="androidx.multidex.MultiDexApplication"
30-->src\main\AndroidManifest.xml:26:9-61
31        android:appComponentFactory="androidx.core.app.CoreComponentFactory"
31-->[androidx.core:core:1.3.1] AndroidManifest.xml:24:18-86
32        android:debuggable="true"
33        android:icon="@drawable/logo_mlkit"
33-->src\main\AndroidManifest.xml:27:9-44
34        android:label="@string/app_name"
34-->src\main\AndroidManifest.xml:28:9-41
35        android:testOnly="true"
36        android:theme="@style/Theme.AppCompat" >
36-->src\main\AndroidManifest.xml:29:9-47
37        <meta-data
37-->src\main\AndroidManifest.xml:31:9-33:68
38            android:name="com.google.android.gms.version"
38-->src\main\AndroidManifest.xml:32:13-58
39            android:value="@integer/google_play_services_version" />
39-->src\main\AndroidManifest.xml:33:13-66
40
41        <!--
42          Optional: Add it to automatically download ML model to device after
43          your app is installed.
44        -->
45        <meta-data
45-->src\main\AndroidManifest.xml:37:9-39:51
46            android:name="com.google.mlkit.vision.DEPENDENCIES"
46-->src\main\AndroidManifest.xml:38:13-64
47            android:value="barcode,face,ocr,ica" />
47-->src\main\AndroidManifest.xml:39:13-49
48
49        <activity
49-->src\main\AndroidManifest.xml:41:9-49:20
50            android:name="com.google.mlkit.vision.demo.java.LivePreviewActivity"
50-->src\main\AndroidManifest.xml:42:13-53
51            android:exported="true"
51-->src\main\AndroidManifest.xml:43:13-36
52            android:theme="@style/AppTheme" >
52-->src\main\AndroidManifest.xml:44:13-44
53            <intent-filter>
53-->src\main\AndroidManifest.xml:45:13-48:29
54                <action android:name="android.intent.action.MAIN" />
54-->src\main\AndroidManifest.xml:46:17-68
54-->src\main\AndroidManifest.xml:46:25-66
55
56                <category android:name="android.intent.category.LAUNCHER" />
56-->src\main\AndroidManifest.xml:47:17-76
56-->src\main\AndroidManifest.xml:47:27-74
57            </intent-filter>
58        </activity>
59        <activity
59-->src\main\AndroidManifest.xml:51:9-53:39
60            android:name="com.google.mlkit.vision.demo.preference.SettingsActivity"
60-->src\main\AndroidManifest.xml:52:13-56
61            android:exported="false" />
61-->src\main\AndroidManifest.xml:53:13-37
62
63        <service
63-->[com.google.mlkit:object-detection:16.2.3] AndroidManifest.xml:8:9-14:19
64            android:name="com.google.mlkit.common.internal.MlKitComponentDiscoveryService"
64-->[com.google.mlkit:object-detection:16.2.3] AndroidManifest.xml:9:13-91
65            android:directBootAware="true"
65-->[com.google.mlkit:common:17.1.1] AndroidManifest.xml:17:13-43
66            android:exported="false" >
66-->[com.google.mlkit:object-detection:16.2.3] AndroidManifest.xml:10:13-37
67            <meta-data
67-->[com.google.mlkit:object-detection:16.2.3] AndroidManifest.xml:11:13-13:85
68                android:name="com.google.firebase.components:com.google.mlkit.vision.objects.defaults.internal.DefaultObjectsRegistrar"
68-->[com.google.mlkit:object-detection:16.2.3] AndroidManifest.xml:12:17-136
69                android:value="com.google.firebase.components.ComponentRegistrar" />
69-->[com.google.mlkit:object-detection:16.2.3] AndroidManifest.xml:13:17-82
70            <meta-data
70-->[com.google.mlkit:object-detection-custom:16.3.1] AndroidManifest.xml:11:13-13:85
71                android:name="com.google.firebase.components:com.google.mlkit.vision.objects.custom.internal.CustomObjectsRegistrar"
71-->[com.google.mlkit:object-detection-custom:16.3.1] AndroidManifest.xml:12:17-133
72                android:value="com.google.firebase.components.ComponentRegistrar" />
72-->[com.google.mlkit:object-detection-custom:16.3.1] AndroidManifest.xml:13:17-82
73            <meta-data
73-->[com.google.android.gms:play-services-mlkit-text-recognition:16.1.3] AndroidManifest.xml:12:13-14:85
74                android:name="com.google.firebase.components:com.google.mlkit.vision.text.internal.TextRegistrar"
74-->[com.google.android.gms:play-services-mlkit-text-recognition:16.1.3] AndroidManifest.xml:13:17-114
75                android:value="com.google.firebase.components.ComponentRegistrar" />
75-->[com.google.android.gms:play-services-mlkit-text-recognition:16.1.3] AndroidManifest.xml:14:17-82
76            <meta-data
76-->[com.google.mlkit:image-labeling:17.0.2] AndroidManifest.xml:11:13-13:85
77                android:name="com.google.firebase.components:com.google.mlkit.vision.label.defaults.internal.BundledLabelRegistrar"
77-->[com.google.mlkit:image-labeling:17.0.2] AndroidManifest.xml:12:17-132
78                android:value="com.google.firebase.components.ComponentRegistrar" />
78-->[com.google.mlkit:image-labeling:17.0.2] AndroidManifest.xml:13:17-82
79            <meta-data
79-->[com.google.mlkit:image-labeling-custom:16.3.1] AndroidManifest.xml:11:13-13:85
80                android:name="com.google.firebase.components:com.google.mlkit.vision.label.custom.internal.CustomLabelRegistrar"
80-->[com.google.mlkit:image-labeling-custom:16.3.1] AndroidManifest.xml:12:17-129
81                android:value="com.google.firebase.components.ComponentRegistrar" />
81-->[com.google.mlkit:image-labeling-custom:16.3.1] AndroidManifest.xml:13:17-82
82            <meta-data
82-->[com.google.android.gms:play-services-mlkit-barcode-scanning:16.1.4] AndroidManifest.xml:12:13-14:85
83                android:name="com.google.firebase.components:com.google.mlkit.vision.barcode.internal.BarcodeRegistrar"
83-->[com.google.android.gms:play-services-mlkit-barcode-scanning:16.1.4] AndroidManifest.xml:13:17-120
84                android:value="com.google.firebase.components.ComponentRegistrar" />
84-->[com.google.android.gms:play-services-mlkit-barcode-scanning:16.1.4] AndroidManifest.xml:14:17-82
85            <meta-data
85-->[com.google.mlkit:vision-internal-vkp:18.0.0] AndroidManifest.xml:11:13-13:85
86                android:name="com.google.firebase.components:com.google.mlkit.vision.vkp.VkpRegistrar"
86-->[com.google.mlkit:vision-internal-vkp:18.0.0] AndroidManifest.xml:12:17-103
87                android:value="com.google.firebase.components.ComponentRegistrar" />
87-->[com.google.mlkit:vision-internal-vkp:18.0.0] AndroidManifest.xml:13:17-82
88            <meta-data
88-->[com.google.android.gms:play-services-mlkit-face-detection:16.1.4] AndroidManifest.xml:12:13-14:85
89                android:name="com.google.firebase.components:com.google.mlkit.vision.face.internal.FaceRegistrar"
89-->[com.google.android.gms:play-services-mlkit-face-detection:16.1.4] AndroidManifest.xml:13:17-114
90                android:value="com.google.firebase.components.ComponentRegistrar" />
90-->[com.google.android.gms:play-services-mlkit-face-detection:16.1.4] AndroidManifest.xml:14:17-82
91            <meta-data
91-->[com.google.mlkit:pose-detection-common:17.1.0-beta1] AndroidManifest.xml:11:13-13:85
92                android:name="com.google.firebase.components:com.google.mlkit.vision.pose.internal.PoseRegistrar"
92-->[com.google.mlkit:pose-detection-common:17.1.0-beta1] AndroidManifest.xml:12:17-114
93                android:value="com.google.firebase.components.ComponentRegistrar" />
93-->[com.google.mlkit:pose-detection-common:17.1.0-beta1] AndroidManifest.xml:13:17-82
94            <meta-data
94-->[com.google.mlkit:vision-common:16.3.0] AndroidManifest.xml:12:13-14:85
95                android:name="com.google.firebase.components:com.google.mlkit.vision.common.internal.VisionCommonRegistrar"
95-->[com.google.mlkit:vision-common:16.3.0] AndroidManifest.xml:13:17-124
96                android:value="com.google.firebase.components.ComponentRegistrar" />
96-->[com.google.mlkit:vision-common:16.3.0] AndroidManifest.xml:14:17-82
97            <meta-data
97-->[com.google.mlkit:common:17.1.1] AndroidManifest.xml:20:13-22:85
98                android:name="com.google.firebase.components:com.google.mlkit.common.internal.CommonComponentRegistrar"
98-->[com.google.mlkit:common:17.1.1] AndroidManifest.xml:21:17-120
99                android:value="com.google.firebase.components.ComponentRegistrar" />
99-->[com.google.mlkit:common:17.1.1] AndroidManifest.xml:22:17-82
100        </service>
101
102        <provider
102-->[com.google.mlkit:common:17.1.1] AndroidManifest.xml:9:9-13:38
103            android:name="com.google.mlkit.common.internal.MlKitInitProvider"
103-->[com.google.mlkit:common:17.1.1] AndroidManifest.xml:10:13-78
104            android:authorities="com.google.mlkit.vision.demo.mlkitinitprovider"
104-->[com.google.mlkit:common:17.1.1] AndroidManifest.xml:11:13-69
105            android:exported="false"
105-->[com.google.mlkit:common:17.1.1] AndroidManifest.xml:12:13-37
106            android:initOrder="99" />
106-->[com.google.mlkit:common:17.1.1] AndroidManifest.xml:13:13-35
107
108        <activity
108-->[com.google.android.gms:play-services-base:17.6.0] AndroidManifest.xml:23:9-26:75
109            android:name="com.google.android.gms.common.api.GoogleApiActivity"
109-->[com.google.android.gms:play-services-base:17.6.0] AndroidManifest.xml:24:13-79
110            android:exported="false"
110-->[com.google.android.gms:play-services-base:17.6.0] AndroidManifest.xml:25:13-37
111            android:theme="@android:style/Theme.Translucent.NoTitleBar" />
111-->[com.google.android.gms:play-services-base:17.6.0] AndroidManifest.xml:26:13-72
112
113        <service
113-->[com.google.android.datatransport:transport-backend-cct:2.3.2] AndroidManifest.xml:29:9-35:19
114            android:name="com.google.android.datatransport.runtime.backends.TransportBackendDiscovery"
114-->[com.google.android.datatransport:transport-backend-cct:2.3.2] AndroidManifest.xml:30:13-103
115            android:exported="false" >
115-->[com.google.android.datatransport:transport-backend-cct:2.3.2] AndroidManifest.xml:31:13-37
116            <meta-data
116-->[com.google.android.datatransport:transport-backend-cct:2.3.2] AndroidManifest.xml:32:13-34:39
117                android:name="backend:com.google.android.datatransport.cct.CctBackendFactory"
117-->[com.google.android.datatransport:transport-backend-cct:2.3.2] AndroidManifest.xml:33:17-94
118                android:value="cct" />
118-->[com.google.android.datatransport:transport-backend-cct:2.3.2] AndroidManifest.xml:34:17-36
119        </service>
120        <service
120-->[com.google.android.datatransport:transport-runtime:2.2.5] AndroidManifest.xml:26:9-30:19
121            android:name="com.google.android.datatransport.runtime.scheduling.jobscheduling.JobInfoSchedulerService"
121-->[com.google.android.datatransport:transport-runtime:2.2.5] AndroidManifest.xml:27:13-117
122            android:exported="false"
122-->[com.google.android.datatransport:transport-runtime:2.2.5] AndroidManifest.xml:28:13-37
123            android:permission="android.permission.BIND_JOB_SERVICE" >
123-->[com.google.android.datatransport:transport-runtime:2.2.5] AndroidManifest.xml:29:13-69
124        </service>
125
126        <receiver
126-->[com.google.android.datatransport:transport-runtime:2.2.5] AndroidManifest.xml:32:9-34:40
127            android:name="com.google.android.datatransport.runtime.scheduling.jobscheduling.AlarmManagerSchedulerBroadcastReceiver"
127-->[com.google.android.datatransport:transport-runtime:2.2.5] AndroidManifest.xml:33:13-132
128            android:exported="false" />
128-->[com.google.android.datatransport:transport-runtime:2.2.5] AndroidManifest.xml:34:13-37
129
130        <provider
130-->[androidx.lifecycle:lifecycle-process:2.1.0] AndroidManifest.xml:23:9-27:43
131            android:name="androidx.lifecycle.ProcessLifecycleOwnerInitializer"
131-->[androidx.lifecycle:lifecycle-process:2.1.0] AndroidManifest.xml:24:13-79
132            android:authorities="com.google.mlkit.vision.demo.lifecycle-process"
132-->[androidx.lifecycle:lifecycle-process:2.1.0] AndroidManifest.xml:25:13-69
133            android:exported="false"
133-->[androidx.lifecycle:lifecycle-process:2.1.0] AndroidManifest.xml:26:13-37
134            android:multiprocess="true" />
134-->[androidx.lifecycle:lifecycle-process:2.1.0] AndroidManifest.xml:27:13-40
135    </application>
136
137</manifest>